
=== Sat Dec  1 08:13:16 2018

Packages were changed.
Update Mode: mergeDefaultDependencies

The following packages were added:
  com.unity.analytics@3.0.9
  com.unity.purchasing@2.0.1
  com.unity.ads@2.0.8
  com.unity.textmeshpro@1.3.0
  com.unity.package-manager-ui@2.0.0-preview.7
  com.unity.collab-proxy@1.2.9
  com.unity.modules.ai@1.0.0
  com.unity.modules.animation@1.0.0
  com.unity.modules.assetbundle@1.0.0
  com.unity.modules.audio@1.0.0
  com.unity.modules.cloth@1.0.0
  com.unity.modules.director@1.0.0
  com.unity.modules.imageconversion@1.0.0
  com.unity.modules.imgui@1.0.0
  com.unity.modules.jsonserialize@1.0.0
  com.unity.modules.particlesystem@1.0.0
  com.unity.modules.physics@1.0.0
  com.unity.modules.physics2d@1.0.0
  com.unity.modules.screencapture@1.0.0
  com.unity.modules.terrain@1.0.0
  com.unity.modules.terrainphysics@1.0.0
  com.unity.modules.tilemap@1.0.0
  com.unity.modules.ui@1.0.0
  com.unity.modules.uielements@1.0.0
  com.unity.modules.umbra@1.0.0
  com.unity.modules.unityanalytics@1.0.0
  com.unity.modules.unitywebrequest@1.0.0
  com.unity.modules.unitywebrequestassetbundle@1.0.0
  com.unity.modules.unitywebrequestaudio@1.0.0
  com.unity.modules.unitywebrequesttexture@1.0.0
  com.unity.modules.unitywebrequestwww@1.0.0
  com.unity.modules.vehicles@1.0.0
  com.unity.modules.video@1.0.0
  com.unity.modules.vr@1.0.0
  com.unity.modules.wind@1.0.0
  com.unity.modules.xr@1.0.0

=== Mon Jan 21 12:51:51 2019

Packages were changed.
Update Mode: updateDependencies

The following packages were added:
  com.unity.timeline@1.0.0
  com.unity.xr.legacyinputhelpers@1.0.0
The following packages were updated:
  com.unity.analytics from version 3.0.9 to 3.2.2
  com.unity.collab-proxy from version 1.2.9 to 1.2.15
  com.unity.package-manager-ui from version 2.0.0-preview.7 to 2.1.1

=== Tue Mar  5 09:30:51 2019

Packages were changed.
Update Mode: updateDependencies

The following packages were updated:
  com.unity.analytics from version 3.2.2 to 3.3.2

=== Mon Jan 20 20:09:03 2020

Packages were changed.
Update Mode: updateDependencies

The following packages were updated:
  com.unity.collab-proxy from version 1.2.15 to 1.2.16
  com.unity.package-manager-ui from version 2.1.1 to 2.1.2
  com.unity.purchasing from version 2.0.1 to 2.0.6
  com.unity.textmeshpro from version 1.3.0 to 2.0.0
  com.unity.xr.legacyinputhelpers from version 1.0.0 to 2.0.2
  com.unity.xr.oculus.standalone from version 1.29.0 to 1.29.1

=== Wed Aug  5 10:05:33 2020

Packages were changed.
Update Mode: updateDependencies

The following packages were added:
  com.unity.2d.sprite@1.0.0
  com.unity.2d.tilemap@1.0.0
  com.unity.ide.rider@1.1.4
  com.unity.ide.vscode@1.2.1
  com.unity.modules.androidjni@1.0.0
  com.unity.test-framework@1.1.14
  com.unity.ugui@1.0.0
The following packages were updated:
  com.unity.ads from version 2.0.8 to 3.4.7
  com.unity.analytics from version 3.3.2 to 3.3.5
  com.unity.textmeshpro from version 2.0.0 to 2.0.1
  com.unity.timeline from version 1.0.0 to 1.2.6
  com.unity.xr.legacyinputhelpers from version 2.0.2 to 2.1.4
  com.unity.xr.oculus.android from version 1.29.1 to 2.38.4
  com.unity.xr.oculus.standalone from version 1.29.1 to 2.38.4
The following packages were removed:
  com.unity.package-manager-ui@2.1.2
